<?xml version="1.0" encoding="UTF-8"?>
<!-- Generated by org.testng.reporters.JUnitReportReporter -->
<testsuite skipped="0" hostname="LAPTOP-HUKOA47I" name="com.herokuapp.theinternet.NegativeTest" tests="2" failures="0" timestamp="2020-05-17T23:25:37 CDT" time="17.618" errors="0">
  <testcase name="incorrectPasswordTest" time="9.927" classname="com.herokuapp.theinternet.NegativeTest"/>
  <testcase name="incorrectUserNameTest" time="7.691" classname="com.herokuapp.theinternet.NegativeTest"/>
</testsuite> <!-- com.herokuapp.theinternet.NegativeTest -->
